app/build/outputs/logs/manifest-merger-debug-report.txt
-- Merging decision tree log ---
manifest
ADDED from src\main\AndroidManifest.xml:17:1-44:12
INJECTED from src\main\AndroidManifest.xml:17:1-44:12
INJECTED from src\main\AndroidManifest.xml:17:1-44:12
INJECTED from src\main\AndroidManifest.xml:17:1-44:12
INJECTED from src\main\AndroidManifest.xml:17:1-44:12
INJECTED from src\main\AndroidManifest.xml:17:1-44:12
INJECTED from src\main\AndroidManifest.xml:17:1-44:12
	package
		ADDED from src\main\AndroidManifest.xml:18:5-50
		INJECTED from src\main\AndroidManifest.xml
		INJECTED from src\main\AndroidManifest.xml
	android:versionName
		INJECTED from src\main\AndroidManifest.xml
		ADDED from src\main\AndroidManifest.xml:17:1-44:12
		INJECTED from src\main\AndroidManifest.xml
	android:versionCode
		INJECTED from src\main\AndroidManifest.xml
		ADDED from src\main\AndroidManifest.xml:17:1-44:12
		INJECTED from src\main\AndroidManifest.xml
	xmlns:android
		ADDED from src\main\AndroidManifest.xml:17:11-69
uses-sdk
ADDED from src\main\AndroidManifest.xml:20:5-44
INJECTED from src\main\AndroidManifest.xml:20:5-44
INJECTED from src\main\AndroidManifest.xml:20:5-44
INJECTED from src\main\AndroidManifest.xml:20:5-44
INJECTED from src\main\AndroidManifest.xml:20:5-44
	android:targetSdkVersion
		INJECTED from src\main\AndroidManifest.xml
		ADDED from src\main\AndroidManifest.xml:20:5-44
		INJECTED from src\main\AndroidManifest.xml
	android:minSdkVersion
		ADDED from src\main\AndroidManifest.xml:20:15-41
		INJECTED from src\main\AndroidManifest.xml
		INJECTED from src\main\AndroidManifest.xml
uses-permission#android.permission.INTERNET
ADDED from src\main\AndroidManifest.xml:22:5-67
	android:name
		ADDED from src\main\AndroidManifest.xml:22:22-64
application
ADDED from src\main\AndroidManifest.xml:24:5-43:19
	android:label
		ADDED from src\main\AndroidManifest.xml:25:9-41
	android:resizeableActivity
		ADDED from src\main\AndroidManifest.xml:28:9-42
	android:roundIcon
		ADDED from src\main\AndroidManifest.xml:27:9-54
	android:icon
		ADDED from src\main\AndroidManifest.xml:26:9-43
activity#com.infoskills.android.appshortcuts.Main
ADDED from src\main\AndroidManifest.xml:30:9-37:20
	android:name
		ADDED from src\main\AndroidManifest.xml:30:19-74
intent-filter#android.intent.action.MAIN+android.intent.category.DEFAULT+android.intent.category.LAUNCHER
ADDED from src\main\AndroidManifest.xml:31:13-35:29
action#android.intent.action.MAIN
ADDED from src\main\AndroidManifest.xml:32:17-69
	android:name
		ADDED from src\main\AndroidManifest.xml:32:25-66
category#android.intent.category.DEFAULT
ADDED from src\main\AndroidManifest.xml:33:17-76
	android:name
		ADDED from src\main\AndroidManifest.xml:33:27-73
category#android.intent.category.LAUNCHER
ADDED from src\main\AndroidManifest.xml:34:17-77
	android:name
		ADDED from src\main\AndroidManifest.xml:34:27-74
meta-data#android.app.shortcuts
ADDED from src\main\AndroidManifest.xml:36:13-96
	android:resource
		ADDED from src\main\AndroidManifest.xml:36:61-94
	android:name
		ADDED from src\main\AndroidManifest.xml:36:24-60
receiver#com.infoskills.android.appshortcuts.MyReceiver
ADDED from src\main\AndroidManifest.xml:38:9-42:20
	android:name
		ADDED from src\main\AndroidManifest.xml:38:19-80
intent-filter#android.intent.action.LOCALE_CHANGED
ADDED from src\main\AndroidManifest.xml:39:13-41:29
action#android.intent.action.LOCALE_CHANGED
ADDED from src\main\AndroidManifest.xml:40:17-79
	android:name
		ADDED from src\main\AndroidManifest.xml:40:25-76